#
# There is insufficient memory for the Java Runtime Environment to continue.
# Native memory allocation (malloc) failed to allocate 32784 bytes for Chunk::new
# Possible reasons:
#   The system is out of physical RAM or swap space
#   In 32 bit mode, the process size limit was hit
# Possible solutions:
#   Reduce memory load on the system
#   Increase physical memory or swap space
#   Check if swap backing store is full
#   Use 64 bit Java on a 64 bit OS
#   Decrease Java heap size (-Xmx/-Xms)
#   Decrease number of Java threads
#   Decrease Java thread stack sizes (-Xss)
#   Set larger code cache with -XX:ReservedCodeCacheSize=
# This output file may be truncated or incomplete.
#
#  Out of Memory Error (allocation.cpp:390), pid=8332, tid=8668
#
# JRE version: Java(TM) SE Runtime Environment (8.0_31-b13) (build 1.8.0_31-b13)
# Java VM: Java HotSpot(TM) 64-Bit Server VM (25.31-b07 mixed mode windows-amd64 compressed oops)
# Failed to write core dump. Minidumps are not enabled by default on client versions of Windows
#

---------------  T H R E A D  ---------------

Current thread (0x000000005848e000):  JavaThread "C2 CompilerThread0" daemon [_thread_in_native, id=8668, stack(0x00000000593d0000,0x00000000594d0000)]

Stack: [0x00000000593d0000,0x00000000594d0000]
Native frames: (J=compiled Java code, j=interpreted, Vv=VM code, C=native code)
V  [jvm.dll+0x3169ba]


Current CompileTask:
C2: 115019 4247       4       org.codehaus.jackson.sym.CharsToNameCanonicalizer::findSymbol (272 bytes)


---------------  P R O C E S S  ---------------

Java Threads: ( => current thread )
  0x00000000587fb800 JavaThread "pool-3-thread-5" [_thread_blocked, id=9072, stack(0x000000006e190000,0x000000006e290000)]
  0x00000000587fa800 JavaThread "pool-3-thread-4" [_thread_blocked, id=9064, stack(0x000000006e480000,0x000000006e580000)]
  0x00000000587fa000 JavaThread "pool-3-thread-3" [_thread_blocked, id=9044, stack(0x000000006e2b0000,0x000000006e3b0000)]
  0x00000000587f9000 JavaThread "pool-3-thread-2" [_thread_in_native, id=9016, stack(0x000000006e070000,0x000000006e170000)]
  0x00000000587f8800 JavaThread "pool-3-thread-1" [_thread_blocked, id=8128, stack(0x000000006ded0000,0x000000006dfd0000)]
  0x0000000059931000 JavaThread "pool-2-thread-5" [_thread_in_native, id=8628, stack(0x0000000063cd0000,0x0000000063dd0000)]
  0x0000000059d86000 JavaThread "pool-2-thread-4" [_thread_blocked, id=8512, stack(0x0000000062a90000,0x0000000062b90000)]
  0x000000005f1e2800 JavaThread "pool-2-thread-3" [_thread_blocked, id=8300, stack(0x0000000062950000,0x0000000062a50000)]
  0x0000000059def800 JavaThread "pool-2-thread-2" [_thread_blocked, id=9192, stack(0x0000000061260000,0x0000000061360000)]
  0x0000000059d2f000 JavaThread "pool-2-thread-1" [_thread_blocked, id=9172, stack(0x000000005f0c0000,0x000000005f1c0000)]
  0x0000000059b98800 JavaThread "AWT-EventQueue-0" [_thread_in_native, id=8960, stack(0x000000005d120000,0x000000005d220000)]
  0x0000000059acc000 JavaThread "AWT-Windows" daemon [_thread_in_native, id=8920, stack(0x000000005a2b0000,0x000000005a3b0000)]
  0x0000000059aca000 JavaThread "AWT-Shutdown" [_thread_blocked, id=8912, stack(0x000000005a3f0000,0x000000005a4f0000)]
  0x0000000059ab2800 JavaThread "Java2D Disposer" daemon [_thread_blocked, id=8888, stack(0x0000000059520000,0x0000000059620000)]
  0x00000000584f8000 JavaThread "Service Thread" daemon [_thread_blocked, id=8696, stack(0x0000000057f90000,0x0000000058090000)]
  0x00000000584a7800 JavaThread "C1 CompilerThread2" daemon [_thread_blocked, id=8672, stack(0x0000000059690000,0x0000000059790000)]
  0x00000000584a6800 JavaThread "C2 CompilerThread1" daemon [_thread_blocked, id=7840, stack(0x0000000058d00000,0x0000000058e00000)]
=>0x000000005848e000 JavaThread "C2 CompilerThread0" daemon [_thread_in_native, id=8668, stack(0x00000000593d0000,0x00000000594d0000)]
  0x0000000058481000 JavaThread "JDWP Command Reader" daemon [_thread_in_native, id=8556, stack(0x0000000059210000,0x0000000059310000)]
  0x0000000058480000 JavaThread "JDWP Event Helper Thread" daemon [_thread_blocked, id=8548, stack(0x0000000058af0000,0x0000000058bf0000)]
  0x000000005846c800 JavaThread "JDWP Transport Listener: dt_socket" daemon [_thread_blocked, id=8520, stack(0x0000000058f60000,0x0000000059060000)]
  0x0000000056e8a000 JavaThread "Attach Listener" daemon [_thread_blocked, id=8496, stack(0x00000000589d0000,0x0000000058ad0000)]
  0x0000000058469000 JavaThread "Signal Dispatcher" daemon [_thread_blocked, id=8488, stack(0x00000000581d0000,0x00000000582d0000)]
  0x0000000056e23000 JavaThread "Finalizer" daemon [_thread_blocked, id=8480, stack(0x0000000058350000,0x0000000058450000)]
  0x0000000056e1a000 JavaThread "Reference Handler" daemon [_thread_blocked, id=7456, stack(0x0000000058090000,0x0000000058190000)]
  0x000000000250f800 JavaThread "main" [_thread_blocked, id=8424, stack(0x00000000027a0000,0x00000000028a0000)]

Other Threads:
  0x0000000056e16000 VMThread [stack: 0x0000000057e90000,0x0000000057f90000] [id=8476]
  0x00000000584fc000 WatcherThread [stack: 0x0000000059790000,0x0000000059890000] [id=8720]

VM state:not at safepoint (normal execution)

VM Mutex/Monitor currently owned by a thread: None

Heap:
 PSYoungGen      total 239616K, used 104528K [0x00000000d8600000, 0x00000000e8a80000, 0x0000000100000000)
  eden space 237056K, 43% used [0x00000000d8600000,0x00000000de9943b8,0x00000000e6d80000)
  from space 2560K, 100% used [0x00000000e7b00000,0x00000000e7d80000,0x00000000e7d80000)
  to   space 13824K, 0% used [0x00000000e6d80000,0x00000000e6d80000,0x00000000e7b00000)
 ParOldGen       total 65024K, used 32754K [0x0000000089200000, 0x000000008d180000, 0x00000000d8600000)
  object space 65024K, 50% used [0x0000000089200000,0x000000008b1fc938,0x000000008d180000)
 Metaspace       used 21582K, capacity 21830K, committed 22016K, reserved 1069056K
  class space    used 2501K, capacity 2558K, committed 2560K, reserved 1048576K

Card table byte_map: [0x0000000011c60000,0x0000000012020000] byte_map_base: 0x0000000011817000

Marking Bits: (ParMarkBitMap*) 0x000000006ff4d4f0
 Begin Bits: [0x0000000012560000, 0x0000000014318000)
 End Bits:   [0x0000000014318000, 0x00000000160d0000)

Polling page: 0x0000000000320000

CodeCache: size=245760Kb used=13882Kb max_used=14230Kb free=231877Kb
 bounds [0x00000000028a0000, 0x00000000036a0000, 0x00000000118a0000]
 total_blobs=4340 nmethods=3776 adapters=485
 compilation: enabled

Compilation events (10 events):
Event: 114.684 Thread 0x000000005848e000 nmethod 4242 0x0000000002e6b050 code [0x0000000002e6b1a0, 0x0000000002e6b658]
Event: 114.866 Thread 0x00000000584a7800 4243  s    3       java.io.BufferedOutputStream::flush (12 bytes)
Event: 114.866 Thread 0x00000000584a7800 nmethod 4243 0x0000000002bca190 code [0x0000000002bca320, 0x0000000002bca7f8]
Event: 114.866 Thread 0x00000000584a7800 4244       3       java.io.BufferedOutputStream::flushBuffer (29 bytes)
Event: 114.866 Thread 0x00000000584a7800 nmethod 4244 0x0000000002fccf10 code [0x0000000002fcd080, 0x0000000002fcd2e8]
Event: 114.866 Thread 0x00000000584a7800 4245       3       java.io.PrintStream::ensureOpen (18 bytes)
Event: 114.866 Thread 0x00000000584a7800 nmethod 4245 0x0000000002cbf8d0 code [0x0000000002cbfa40, 0x0000000002cbfc88]
Event: 114.977 Thread 0x00000000584a6800 4246       4       java.awt.ComponentOrientation::isLeftToRight (15 bytes)
Event: 114.977 Thread 0x00000000584a6800 nmethod 4246 0x000000000347fd10 code [0x000000000347fe40, 0x000000000347fe98]
Event: 114.982 Thread 0x000000005848e000 4247       4       org.codehaus.jackson.sym.CharsToNameCanonicalizer::findSymbol (272 bytes)

GC Heap History (10 events):
Event: 36.938 GC heap before
{Heap before GC invocations=7 (full 0):
 PSYoungGen      total 130048K, used 35845K [0x00000000d8600000, 0x00000000e0e00000, 0x0000000100000000)
  eden space 122368K, 23% used [0x00000000d8600000,0x00000000da1868f8,0x00000000dfd80000)
  from space 7680K, 99% used [0x00000000e0580000,0x00000000e0cfae50,0x00000000e0d00000)
  to   space 8192K, 0% used [0x00000000dfd80000,0x00000000dfd80000,0x00000000e0580000)
 ParOldGen       total 81920K, used 8798K [0x0000000089200000, 0x000000008e200000, 0x00000000d8600000)
  object space 81920K, 10% used [0x0000000089200000,0x0000000089a97a78,0x000000008e200000)
 Metaspace       used 20878K, capacity 21092K, committed 21248K, reserved 1069056K
  class space    used 2497K, capacity 2559K, committed 2560K, reserved 1048576K
Event: 36.962 GC heap after
Heap after GC invocations=7 (full 0):
 PSYoungGen      total 130560K, used 5760K [0x00000000d8600000, 0x00000000e8500000, 0x0000000100000000)
  eden space 122368K, 0% used [0x00000000d8600000,0x00000000d8600000,0x00000000dfd80000)
  from space 8192K, 70% used [0x00000000dfd80000,0x00000000e0320010,0x00000000e0580000)
  to   space 8192K, 0% used [0x00000000e7d00000,0x00000000e7d00000,0x00000000e8500000)
 ParOldGen       total 81920K, used 11867K [0x0000000089200000, 0x000000008e200000, 0x00000000d8600000)
  object space 81920K, 14% used [0x0000000089200000,0x0000000089d96e30,0x000000008e200000)
 Metaspace       used 20878K, capacity 21092K, committed 21248K, reserved 1069056K
  class space    used 2497K, capacity 2559K, committed 2560K, reserved 1048576K
}
Event: 36.963 GC heap before
{Heap before GC invocations=8 (full 1):
 PSYoungGen      total 130560K, used 5760K [0x00000000d8600000, 0x00000000e8500000, 0x0000000100000000)
  eden space 122368K, 0% used [0x00000000d8600000,0x00000000d8600000,0x00000000dfd80000)
  from space 8192K, 70% used [0x00000000dfd80000,0x00000000e0320010,0x00000000e0580000)
  to   space 8192K, 0% used [0x00000000e7d00000,0x00000000e7d00000,0x00000000e8500000)
 ParOldGen       total 81920K, used 11867K [0x0000000089200000, 0x000000008e200000, 0x00000000d8600000)
  object space 81920K, 14% used [0x0000000089200000,0x0000000089d96e30,0x000000008e200000)
 Metaspace       used 20878K, capacity 21092K, committed 21248K, reserved 1069056K
  class space    used 2497K, capacity 2559K, committed 2560K, reserved 1048576K
Event: 37.848 GC heap after
Heap after GC invocations=8 (full 1):
 PSYoungGen      total 130560K, used 0K [0x00000000d8600000, 0x00000000e8500000, 0x0000000100000000)
  eden space 122368K, 0% used [0x00000000d8600000,0x00000000d8600000,0x00000000dfd80000)
  from space 8192K, 0% used [0x00000000dfd80000,0x00000000dfd80000,0x00000000e0580000)
  to   space 8192K, 0% used [0x00000000e7d00000,0x00000000e7d00000,0x00000000e8500000)
 ParOldGen       total 65024K, used 13188K [0x0000000089200000, 0x000000008d180000, 0x00000000d8600000)
  object space 65024K, 20% used [0x0000000089200000,0x0000000089ee1098,0x000000008d180000)
 Metaspace       used 20877K, capacity 21090K, committed 21248K, reserved 1069056K
  class space    used 2496K, capacity 2558K, committed 2560K, reserved 1048576K
}
Event: 56.345 GC heap before
{Heap before GC invocations=9 (full 1):
 PSYoungGen      total 130560K, used 122368K [0x00000000d8600000, 0x00000000e8500000, 0x0000000100000000)
  eden space 122368K, 100% used [0x00000000d8600000,0x00000000dfd80000,0x00000000dfd80000)
  from space 8192K, 0% used [0x00000000dfd80000,0x00000000dfd80000,0x00000000e0580000)
  to   space 8192K, 0% used [0x00000000e7d00000,0x00000000e7d00000,0x00000000e8500000)
 ParOldGen       total 65024K, used 13188K [0x0000000089200000, 0x000000008d180000, 0x00000000d8600000)
  object space 65024K, 20% used [0x0000000089200000,0x0000000089ee1098,0x000000008d180000)
 Metaspace       used 21120K, capacity 21346K, committed 21504K, reserved 1069056K
  class space    used 2497K, capacity 2558K, committed 2560K, reserved 1048576K
Event: 56.444 GC heap after
Heap after GC invocations=9 (full 1):
 PSYoungGen      total 174592K, used 6130K [0x00000000d8600000, 0x00000000e8300000, 0x0000000100000000)
  eden space 168448K, 0% used [0x00000000d8600000,0x00000000d8600000,0x00000000e2a80000)
  from space 6144K, 99% used [0x00000000e7d00000,0x00000000e82fc830,0x00000000e8300000)
  to   space 8192K, 0% used [0x00000000e7300000,0x00000000e7300000,0x00000000e7b00000)
 ParOldGen       total 65024K, used 13196K [0x0000000089200000, 0x000000008d180000, 0x00000000d8600000)
  object space 65024K, 20% used [0x0000000089200000,0x0000000089ee3098,0x000000008d180000)
 Metaspace       used 21120K, capacity 21346K, committed 21504K, reserved 1069056K
  class space    used 2497K, capacity 2558K, committed 2560K, reserved 1048576K
}
Event: 76.370 GC heap before
{Heap before GC invocations=10 (full 1):
 PSYoungGen      total 174592K, used 174435K [0x00000000d8600000, 0x00000000e8300000, 0x0000000100000000)
  eden space 168448K, 99% used [0x00000000d8600000,0x00000000e2a5c568,0x00000000e2a80000)
  from space 6144K, 99% used [0x00000000e7d00000,0x00000000e82fc830,0x00000000e8300000)
  to   space 8192K, 0% used [0x00000000e7300000,0x00000000e7300000,0x00000000e7b00000)
 ParOldGen       total 65024K, used 13196K [0x0000000089200000, 0x000000008d180000, 0x00000000d8600000)
  object space 65024K, 20% used [0x0000000089200000,0x0000000089ee3098,0x000000008d180000)
 Metaspace       used 21403K, capacity 21678K, committed 22016K, reserved 1069056K
  class space    used 2498K, capacity 2558K, committed 2560K, reserved 1048576K
Event: 76.490 GC heap after
Heap after GC invocations=10 (full 1):
 PSYoungGen      total 210944K, used 8160K [0x00000000d8600000, 0x00000000e7d80000, 0x0000000100000000)
  eden space 202752K, 0% used [0x00000000d8600000,0x00000000d8600000,0x00000000e4c00000)
  from space 8192K, 99% used [0x00000000e7300000,0x00000000e7af8020,0x00000000e7b00000)
  to   space 2560K, 0% used [0x00000000e7b00000,0x00000000e7b00000,0x00000000e7d80000)
 ParOldGen       total 65024K, used 18507K [0x0000000089200000, 0x000000008d180000, 0x00000000d8600000)
  object space 65024K, 28% used [0x0000000089200000,0x000000008a412fb8,0x000000008d180000)
 Metaspace       used 21403K, capacity 21678K, committed 22016K, reserved 1069056K
  class space    used 2498K, capacity 2558K, committed 2560K, reserved 1048576K
}
Event: 100.867 GC heap before
{Heap before GC invocations=11 (full 1):
 PSYoungGen      total 210944K, used 210912K [0x00000000d8600000, 0x00000000e7d80000, 0x0000000100000000)
  eden space 202752K, 100% used [0x00000000d8600000,0x00000000e4c00000,0x00000000e4c00000)
  from space 8192K, 99% used [0x00000000e7300000,0x00000000e7af8020,0x00000000e7b00000)
  to   space 2560K, 0% used [0x00000000e7b00000,0x00000000e7b00000,0x00000000e7d80000)
 ParOldGen       total 65024K, used 18507K [0x0000000089200000, 0x000000008d180000, 0x00000000d8600000)
  object space 65024K, 28% used [0x0000000089200000,0x000000008a412fb8,0x000000008d180000)
 Metaspace       used 21555K, capacity 21806K, committed 22016K, reserved 1069056K
  class space    used 2498K, capacity 2558K, committed 2560K, reserved 1048576K
Event: 100.955 GC heap after
Heap after GC invocations=11 (full 1):
 PSYoungGen      total 239616K, used 2560K [0x00000000d8600000, 0x00000000e8a80000, 0x0000000100000000)
  eden space 237056K, 0% used [0x00000000d8600000,0x00000000d8600000,0x00000000e6d80000)
  from space 2560K, 100% used [0x00000000e7b00000,0x00000000e7d80000,0x00000000e7d80000)
  to   space 13824K, 0% used [0x00000000e6d80000,0x00000000e6d80000,0x00000000e7b00000)
 ParOldGen       total 65024K, used 32754K [0x0000000089200000, 0x000000008d180000, 0x00000000d8600000)
  object space 65024K, 50% used [0x0000000089200000,0x000000008b1fc938,0x000000008d180000)
 Metaspace       used 21555K, capacity 21806K, committed 22016K, reserved 1069056K
  class space    used 2498K, capacity 2558K, committed 2560K, reserved 1048576K
}

Deoptimization events (9 events):
Event: 4.652 Thread 0x0000000059b98800 Uncommon trap: reason=class_check action=maybe_recompile pc=0x0000000002b51d04 method=java.util.HashMap.putVal(ILjava/lang/Object;Ljava/lang/Object;ZZ)Ljava/lang/Object; @ 253
Event: 4.653 Thread 0x0000000059b98800 Uncommon trap: reason=class_check action=maybe_recompile pc=0x0000000002b51d04 method=java.util.HashMap.putVal(ILjava/lang/Object;Ljava/lang/Object;ZZ)Ljava/lang/Object; @ 253
Event: 4.653 Thread 0x0000000059b98800 Uncommon trap: reason=class_check action=maybe_recompile pc=0x0000000002b51d04 method=java.util.HashMap.putVal(ILjava/lang/Object;Ljava/lang/Object;ZZ)Ljava/lang/Object; @ 253
Event: 4.653 Thread 0x0000000059b98800 Uncommon trap: reason=class_check action=maybe_recompile pc=0x0000000002b51d04 method=java.util.HashMap.putVal(ILjava/lang/Object;Ljava/lang/Object;ZZ)Ljava/lang/Object; @ 253
Event: 4.653 Thread 0x0000000059b98800 Uncommon trap: reason=class_check action=maybe_recompile pc=0x0000000002b4f140 method=java.util.HashMap.putVal(ILjava/lang/Object;Ljava/lang/Object;ZZ)Ljava/lang/Object; @ 253
Event: 5.444 Thread 0x0000000059b98800 Uncommon trap: reason=unreached action=reinterpret pc=0x0000000002b46998 method=java.util.HashMap.getNode(ILjava/lang/Object;)Ljava/util/HashMap$Node; @ 84
Event: 5.444 Thread 0x0000000059b98800 Uncommon trap: reason=unreached action=reinterpret pc=0x0000000002b4fefc method=java.util.HashMap.getNode(ILjava/lang/Object;)Ljava/util/HashMap$Node; @ 84
Event: 9.056 Thread 0x0000000059b98800 Uncommon trap: reason=null_check action=make_not_entrant pc=0x0000000002e274c0 method=javax.swing.plaf.nimbus.NimbusDefaults$LazyStyle.matches(Ljava/awt/Component;I)Z @ 39
Event: 35.023 Thread 0x0000000059b98800 Uncommon trap: reason=null_check action=make_not_entrant pc=0x0000000003184190 method=javax.swing.plaf.nimbus.NimbusStyle.isOpaque(Ljavax/swing/plaf/synth/SynthContext;)Z @ 9

Internal exceptions (10 events):
Event: 113.666 Thread 0x0000000059931000 Exception <a 'java/net/SocketTimeoutException': Read timed out> (0x00000000de4896f0) thrown at [C:\workspace\8-2-build-windows-amd64-cygwin\jdk8u31\2394\hotspot\src\share\vm\prims\jni.cpp, line 742]
Event: 113.822 Thread 0x0000000059d2f000 Exception <a 'java/net/SocketTimeoutException': Read timed out> (0x00000000ddda29f8) thrown at [C:\workspace\8-2-build-windows-amd64-cygwin\jdk8u31\2394\hotspot\src\share\vm\prims\jni.cpp, line 742]
Event: 113.968 Thread 0x0000000059b98800 Exception <a 'java/lang/RuntimeException': resource unavailable try again: resource unavailable try again> (0x00000000de2bf428) thrown at [C:\workspace\8-2-build-windows-amd64-cygwin\jdk8u31\2394\hotspot\src\share\vm\prims\jni.cpp, line 742]
Event: 114.054 Thread 0x0000000059b98800 Exception <a 'java/lang/OutOfMemoryError'> (0x00000000de2d52f0) thrown at [C:\workspace\8-2-build-windows-amd64-cygwin\jdk8u31\2394\hotspot\src\share\vm\prims\jni.cpp, line 742]
Event: 114.116 Thread 0x0000000059b98800 Exception <a 'java/lang/OutOfMemoryError'> (0x00000000de2d52f0) thrown at [C:\workspace\8-2-build-windows-amd64-cygwin\jdk8u31\2394\hotspot\src\share\vm\prims\jvm.cpp, line 1316]
Event: 114.229 Thread 0x0000000059d2f000 Exception <a 'java/net/SocketTimeoutException': Read timed out> (0x00000000de640858) thrown at [C:\workspace\8-2-build-windows-amd64-cygwin\jdk8u31\2394\hotspot\src\share\vm\prims\jni.cpp, line 742]
Event: 114.261 Thread 0x0000000059d86000 Exception <a 'java/net/SocketTimeoutException': Read timed out> (0x00000000ddf10788) thrown at [C:\workspace\8-2-build-windows-amd64-cygwin\jdk8u31\2394\hotspot\src\share\vm\prims\jni.cpp, line 742]
Event: 114.818 Thread 0x00000000587fb800 Exception <a 'java/net/SocketTimeoutException': Read timed out> (0x00000000ddfdcb10) thrown at [C:\workspace\8-2-build-windows-amd64-cygwin\jdk8u31\2394\hotspot\src\share\vm\prims\jni.cpp, line 742]
Event: 114.865 Thread 0x0000000059b98800 Exception <a 'java/lang/RuntimeException': resource unavailable try again: resource unavailable try again> (0x00000000de7bfd58) thrown at [C:\workspace\8-2-build-windows-amd64-cygwin\jdk8u31\2394\hotspot\src\share\vm\prims\jni.cpp, line 742]
Event: 114.895 Thread 0x00000000587f9000 Exception <a 'java/net/SocketTimeoutException': Read timed out> (0x00000000de306d68) thrown at [C:\workspace\8-2-build-windows-amd64-cygwin\jdk8u31\2394\hotspot\src\share\vm\prims\jni.cpp, line 742]

Events (10 events):
Event: 114.865 Thread 0x0000000059b98800 DEOPT PACKING pc=0x000000000349a19c sp=0x000000005d21df80
Event: 114.865 Thread 0x0000000059b98800 DEOPT UNPACKING pc=0x00000000028e71bf sp=0x000000005d21ddb8 mode 1
Event: 114.895 Thread 0x00000000587f9000 DEOPT PACKING pc=0x00000000030a50ec sp=0x000000006e16e340
Event: 114.895 Thread 0x00000000587f9000 DEOPT UNPACKING pc=0x00000000028e71bf sp=0x000000006e16e098 mode 1
Event: 114.895 Thread 0x00000000587f9000 DEOPT PACKING pc=0x00000000030a08e4 sp=0x000000006e16e400
Event: 114.895 Thread 0x00000000587f9000 DEOPT UNPACKING pc=0x00000000028e71bf sp=0x000000006e16e130 mode 1
Event: 114.895 Thread 0x00000000587f9000 DEOPT PACKING pc=0x0000000002cef654 sp=0x000000006e16e460
Event: 114.895 Thread 0x00000000587f9000 DEOPT UNPACKING pc=0x00000000028e71bf sp=0x000000006e16e1c0 mode 1
Event: 114.895 Thread 0x00000000587f9000 DEOPT PACKING pc=0x00000000034d8c2c sp=0x000000006e16e4f0
Event: 114.895 Thread 0x00000000587f9000 DEOPT UNPACKING pc=0x00000000028e71bf sp=0x000000006e16e1d0 mode 1


Dynamic libraries:
0x000000013f2a0000 - 0x000000013f2d4000 	C:\Program Files\Java\jre1.8.0_31\bin\javaw.exe
0x00000000771c0000 - 0x0000000077369000 	C:\Windows\SYSTEM32\ntdll.dll
0x0000000076fa0000 - 0x00000000770bf000 	C:\Windows\system32\kernel32.dll
0x000007fefd040000 - 0x000007fefd0ac000 	C:\Windows\system32\KERNELBASE.dll
0x000007feff3f0000 - 0x000007feff4cb000 	C:\Windows\system32\ADVAPI32.dll
0x000007fefe300000 - 0x000007fefe39f000 	C:\Windows\system32\msvcrt.dll
0x000007fefd3e0000 - 0x000007fefd3ff000 	C:\Windows\SYSTEM32\sechost.dll
0x000007fefe3a0000 - 0x000007fefe4cd000 	C:\Windows\system32\RPCRT4.dll
0x00000000770c0000 - 0x00000000771ba000 	C:\Windows\system32\USER32.dll
0x000007fefdf80000 - 0x000007fefdfe7000 	C:\Windows\system32\GDI32.dll
0x000007fefd7a0000 - 0x000007fefd7ae000 	C:\Windows\system32\LPK.dll
0x000007fefd480000 - 0x000007fefd549000 	C:\Windows\system32\USP10.dll
0x000007fefb960000 - 0x000007fefbb54000 	C:\Windows\WinSxS\amd64_microsoft.windows.common-controls_6595b64144ccf1df_6.0.7601.18807_none_fa381d5f175bfb52\COMCTL32.dll
0x000007fefdf00000 - 0x000007fefdf71000 	C:\Windows\system32\SHLWAPI.dll
0x000007fefd450000 - 0x000007fefd47e000 	C:\Windows\system32\IMM32.DLL
0x000007fefe070000 - 0x000007fefe179000 	C:\Windows\system32\MSCTF.dll
0x000000006f5b0000 - 0x000000006f682000 	C:\Program Files\Java\jre1.8.0_31\bin\msvcr100.dll
0x000000006f770000 - 0x000000006ffca000 	C:\Program Files\Java\jre1.8.0_31\bin\server\jvm.dll
0x000007fef8b30000 - 0x000007fef8b39000 	C:\Windows\system32\WSOCK32.dll
0x000007fefd400000 - 0x000007fefd44d000 	C:\Windows\system32\WS2_32.dll
0x000007fefdef0000 - 0x000007fefdef8000 	C:\Windows\system32\NSI.dll
0x000007fef9310000 - 0x000007fef934b000 	C:\Windows\system32\WINMM.dll
0x0000000077390000 - 0x0000000077397000 	C:\Windows\system32\PSAPI.DLL
0x0000000074bd0000 - 0x0000000074bdf000 	C:\Program Files\Java\jre1.8.0_31\bin\verify.dll
0x00000000741d0000 - 0x00000000741f8000 	C:\Program Files\Java\jre1.8.0_31\bin\java.dll
0x0000000073fb0000 - 0x0000000073fe5000 	C:\Program Files\Java\jre1.8.0_31\bin\jdwp.dll
0x0000000074150000 - 0x0000000074158000 	C:\Program Files\Java\jre1.8.0_31\bin\npt.dll
0x0000000074bb0000 - 0x0000000074bc6000 	C:\Program Files\Java\jre1.8.0_31\bin\zip.dll
0x000007fefe660000 - 0x000007feff3e9000 	C:\Windows\system32\SHELL32.dll
0x000007fefd810000 - 0x000007fefda13000 	C:\Windows\system32\ole32.dll
0x000007fefcf80000 - 0x000007fefcf8f000 	C:\Windows\system32\profapi.dll
0x0000000074020000 - 0x0000000074029000 	C:\Program Files\Java\jre1.8.0_31\bin\dt_socket.dll
0x000007fefaf60000 - 0x000007fefaf75000 	C:\Windows\system32\NLAapi.dll
0x000007fef4520000 - 0x000007fef4535000 	C:\Windows\system32\napinsp.dll
0x000007fef42e0000 - 0x000007fef42f9000 	C:\Windows\system32\pnrpnsp.dll
0x000007fefc720000 - 0x000007fefc775000 	C:\Windows\System32\mswsock.dll
0x000007fefc5a0000 - 0x000007fefc5fb000 	C:\Windows\system32\DNSAPI.dll
0x000007fef42d0000 - 0x000007fef42db000 	C:\Windows\System32\winrnr.dll
0x000007fefaa00000 - 0x000007fefaa27000 	C:\Windows\system32\IPHLPAPI.DLL
0x000007fefa980000 - 0x000007fefa98b000 	C:\Windows\system32\WINNSI.DLL
0x000007fefa8e0000 - 0x000007fefa933000 	C:\Windows\System32\fwpuclnt.dll
0x000007fef9f50000 - 0x000007fef9f58000 	C:\Windows\system32\rasadhlp.dll
0x000007fefc140000 - 0x000007fefc147000 	C:\Windows\System32\wshtcpip.dll
0x000000006f410000 - 0x000000006f5a8000 	C:\Program Files\Java\jre1.8.0_31\bin\awt.dll
0x000007fefe180000 - 0x000007fefe257000 	C:\Windows\system32\OLEAUT32.dll
0x0000000073f60000 - 0x0000000073fa7000 	C:\Program Files\Java\jre1.8.0_31\bin\fontmanager.dll
0x000007fefb520000 - 0x000007fefb576000 	C:\Windows\system32\uxtheme.dll
0x000007fee5bc0000 - 0x000007fee5be7000 	C:\Program Files (x86)\Raptr\ltc_help64-96675.dll
0x000007fefd0e0000 - 0x000007fefd11b000 	C:\Windows\system32\WINTRUST.dll
0x000007fefd1d0000 - 0x000007fefd33d000 	C:\Windows\system32\CRYPT32.dll
0x000007fefcf90000 - 0x000007fefcf9f000 	C:\Windows\system32\MSASN1.dll
0x000007fefcd80000 - 0x000007fefcdd7000 	C:\Windows\system32\apphelp.dll
0x000007fef9f80000 - 0x000007fef9ff5000 	C:\Windows\system32\IMKR14.IME
0x00000000738b0000 - 0x0000000073953000 	C:\Windows\WinSxS\amd64_microsoft.vc90.crt_1fc8b3b9a1e18e3b_9.0.30729.6161_none_08e61857a83bc251\MSVCR90.dll
0x0000000073770000 - 0x0000000073843000 	C:\Windows\WinSxS\amd64_microsoft.vc90.crt_1fc8b3b9a1e18e3b_9.0.30729.6161_none_08e61857a83bc251\MSVCP90.dll
0x000007fefb140000 - 0x000007fefb158000 	C:\Windows\system32\dwmapi.dll
0x000007fefce20000 - 0x000007fefce2f000 	C:\Windows\system32\CRYPTBASE.dll
0x000007fee4380000 - 0x000007fee457f000 	C:\Windows\system32\d3d9.dll
0x000007fefbff0000 - 0x000007fefbffc000 	C:\Windows\system32\VERSION.dll
0x000007fee4370000 - 0x000007fee4377000 	C:\Windows\system32\d3d8thk.dll
0x000007fef8860000 - 0x000007fef89ac000 	C:\Windows\system32\aticfx64.dll
0x000007fee4310000 - 0x000007fee4331000 	C:\Windows\system32\atiu9p64.dll
0x000007fee3b10000 - 0x000007fee4306000 	C:\Windows\system32\atiumd64.dll
0x00000000672f0000 - 0x0000000067af8000 	C:\Windows\system32\atiumd6a.dll
0x000007fefc030000 - 0x000007fefc05c000 	C:\Windows\system32\POWRPROF.dll
0x000007fefdd10000 - 0x000007fefdee7000 	C:\Windows\system32\SETUPAPI.dll
0x000007fefd190000 - 0x000007fefd1c6000 	C:\Windows\system32\CFGMGR32.dll
0x000007fefd150000 - 0x000007fefd16a000 	C:\Windows\system32\DEVOBJ.dll
0x000007fee16c0000 - 0x000007fee17af000 	D:\Program Files\ArcGIS SKDs\java10.2.4\arcgisruntime10.2.4\client64\msvcr120.dll
0x000007fee1610000 - 0x000007fee16b6000 	D:\Program Files\ArcGIS SKDs\java10.2.4\arcgisruntime10.2.4\client64\msvcp120.dll
0x000007fedd730000 - 0x000007fededa3000 	D:\Program Files\ArcGIS SKDs\java10.2.4\arcgisruntime10.2.4\client64\runtimecore_java.dll
0x000007fefa940000 - 0x000007fefa956000 	C:\Windows\system32\NETAPI32.dll
0x000007fefa870000 - 0x000007fefa87c000 	C:\Windows\system32\netutils.dll
0x000007fefca20000 - 0x000007fefca43000 	C:\Windows\system32\srvcli.dll
0x000007fefa840000 - 0x000007fefa855000 	C:\Windows\system32\wkscli.dll
0x000007fef9370000 - 0x000007fef9545000 	C:\Windows\system32\d3d11.dll
0x000007fef95a0000 - 0x000007fef95fd000 	C:\Windows\system32\dxgi.dll
0x000007fedf9d0000 - 0x000007fedfc49000 	C:\Windows\system32\D3D10Warp.dll
0x000007fefc780000 - 0x000007fefc798000 	C:\Windows\system32\CRYPTSP.dll
0x000007fefc480000 - 0x000007fefc4c7000 	C:\Windows\system32\rsaenh.dll
0x000007fefd130000 - 0x000007fefd14e000 	C:\Windows\system32\USERENV.dll
0x00000000741b0000 - 0x00000000741ca000 	C:\Program Files\Java\jre1.8.0_31\bin\net.dll
0x000007fefc710000 - 0x000007fefc717000 	C:\Windows\System32\wship6.dll
0x000007fefa7c0000 - 0x000007fefa7d1000 	C:\Windows\system32\dhcpcsvc6.DLL
0x000007fefa740000 - 0x000007fefa758000 	C:\Windows\system32\dhcpcsvc.DLL
0x0000000074190000 - 0x00000000741a1000 	C:\Program Files\Java\jre1.8.0_31\bin\nio.dll
0x0000000073f20000 - 0x0000000073f51000 	C:\Program Files\Java\jre1.8.0_31\bin\jpeg.dll

VM Arguments:
jvm_args: -agentlib:jdwp=transport=dt_socket,suspend=y,address=localhost:14542 -Dfile.encoding=UTF-8 
java_command: kr.ac.uos.ai.ieas.main.AlerterMain
java_class_path (initial): D:\GoogleDrive\gitHub\IEAS_workspace\IEAS_0.04\bin;D:\GoogleDrive\gitHub\IEAS_workspace\IEAS_0.04\lib\activemq-all-5.9.1.jar;D:\GoogleDrive\gitHub\IEAS_workspace\IEAS_0.04\lib\log4j-1.2.17.jar;D:\GoogleDrive\gitHub\IEAS_workspace\IEAS_0.04\lib\cap-library-r3.jar;D:\eclipse\configuration\org.eclipse.osgi\872\0\.cp\lib\ArcGIS_Runtime_Java_Toolkit.jar;D:\eclipse\configuration\org.eclipse.osgi\870\0\.cp\lib\ArcGIS_Runtime_Java.jar;D:\eclipse\configuration\org.eclipse.osgi\870\0\.cp\lib\apache-mime4j.jar;D:\eclipse\configuration\org.eclipse.osgi\870\0\.cp\lib\commons-codec.jar;D:\eclipse\configuration\org.eclipse.osgi\870\0\.cp\lib\commons-logging.jar;D:\eclipse\configuration\org.eclipse.osgi\870\0\.cp\lib\httpclient.jar;D:\eclipse\configuration\org.eclipse.osgi\870\0\.cp\lib\httpcore.jar;D:\eclipse\configuration\org.eclipse.osgi\870\0\.cp\lib\httpmime.jar;D:\eclipse\configuration\org.eclipse.osgi\870\0\.cp\lib\jackson-core-lgpl.jar;D:\eclipse\configuration\org.eclipse.osgi\870\0\.cp\lib\jackson-mapper-lgpl.jar;D:\eclipse\configuration\org.eclipse.osgi\870\0\.cp\lib\json.jar;D:\eclipse\configuration\org.eclipse.osgi\870\0\.cp\lib\jcommon.jar;D:\eclipse\configuration\org.eclipse.osgi\870\0\.cp\lib\jfreechart.jar;D:\eclipse\configuration\org.eclipse.osgi\870\0\.cp\lib\jcifs.jar
Launcher Type: SUN_STANDARD

Environment Variables:
JAVA_HOME=C:\Program Files\Java\jdk1.8.0_25;C:\Program Files\Java\jre1.8.0_31;
PATH=C:/Program Files/Java/jre1.8.0_31/bin/server;C:/Program Files/Java/jre1.8.0_31/bin;C:/Program Files/Java/jre1.8.0_31/lib/amd64;C:\ProgramData\Oracle\Java\javapath;C:\Windows\system32;C:\Windows;C:\Windows\System32\Wbem;C:\Windows\System32\WindowsPowerShell\v1.0\;C:\Program Files (x86)\AMD\ATI.ACE\Core-Static;D:\Program Files\leJOS EV3\bin;C:\Program Files\Java\jdk1.8.0_25;C:\Program Files\Java\jre1.8.0_31;\bin;D:\GoogleDrive\lib\dex2jar-0.0.9.15;D:\GoogleDrive\lib\jad158g.win;D:\Program Files\nodejs\;D:\Program Files\Bandizip\7z;C:\Users\comkeen\AppData\Roaming\npm;D:\eclipse;
USERNAME=comkeen
OS=Windows_NT
PROCESSOR_IDENTIFIER=AMD64 Family 21 Model 48 Stepping 1, AuthenticAMD



---------------  S Y S T E M  ---------------

OS: Windows 7 , 64 bit Build 7601 Service Pack 1

CPU:total 4 (4 cores per cpu, 1 threads per core) family 21 model 48 stepping 1, cmov, cx8, fxsr, mmx, sse, sse2, sse3, ssse3, sse4.1, sse4.2, popcnt, avx, aes, clmul, mmxext, 3dnowpref, lzcnt, sse4a, tsc, tscinvbit, tscinv, bmi1

Memory: 4k page, physical 7783088k(77680k free), swap 31130516k(1228k free)

vm_info: Java HotSpot(TM) 64-Bit Server VM (25.31-b07) for windows-amd64 JRE (1.8.0_31-b13), built on Dec 17 2014 21:00:28 by "java_re" with MS VC++ 10.0 (VS2010)

time: Tue Jun 02 01:03:28 2015
elapsed time: 115 seconds (0d 0h 1m 55s)

